{
  "RSpec": {
    "coverage": {
      "/home/calm-node-1512/tic-tac-toe-rb-online-web-sp-000/lib/tic_tac_toe.rb": [
        1,
        null,
        1,
        24,
        24,
        24,
        24,
        24,
        null,
        null,
        1,
        23,
        null,
        null,
        1,
        22,
        null,
        null,
        1,
        25,
        null,
        null,
        1,
        23,
        null,
        null,
        1,
        20,
        20,
        20,
        20,
        19,
        19,
        19,
        null,
        1,
        null,
        null,
        null,
        1,
        20,
        20,
        14,
        null,
        6,
        null,
        20,
        null,
        null,
        1,
        21,
        21,
        189,
        31,
        null,
        null,
        21,
        null,
        null,
        1,
        56,
        null,
        399,
        399,
        399,
        null,
        399,
        399,
        399,
        null,
        399,
        11,
        388,
        3,
        null,
        null,
        42,
        null,
        null,
        1,
        138,
        null,
        null,
        1,
        23,
        7,
        null,
        16,
        null,
        null,
        null,
        1,
        21,
        10,
        null,
        11,
        null,
        null,
        null,
        1,
        3,
        3,
        3,
        null,
        null,
        2,
        1,
        null,
        1,
        null,
        null,
        null,
        null,
        1,
        12,
        17,
        null,
        null,
        12,
        5,
        7,
        3,
        null,
        null,
        null,
        null
      ]
    },
    "timestamp": 1560050721
  }
}
